2023-05-17 19:05:333 INFO  HomePage :61 - Clicking on Accept Cookies : [[ChromeDriver: chrome on WINDOWS (aa1dece111213fe7e38e33d900df973b)] -> xpath: //*[contains(text(),'Accept')]]
2023-05-17 19:05:513 INFO  HomePage :66 - Sending keywords : Tester to [[ChromeDriver: chrome on WINDOWS (aa1dece111213fe7e38e33d900df973b)] -> xpath: //input[@id='keywords']]
2023-05-17 19:05:822 INFO  HomePage :71 - Sending Location : Harrow to [[ChromeDriver: chrome on WINDOWS (aa1dece111213fe7e38e33d900df973b)] -> xpath: //input[@id='location']]
2023-05-17 19:05:108 INFO  HomePage :76 - Selecting distance : 5 from [[ChromeDriver: chrome on WINDOWS (aa1dece111213fe7e38e33d900df973b)] -> xpath: //select[@id='distance']]
2023-05-17 19:05:324 INFO  HomePage :81 - Clicking on More options : [[ChromeDriver: chrome on WINDOWS (aa1dece111213fe7e38e33d900df973b)] -> xpath: //button[@id='toggle-hp-search']]
2023-05-17 19:05:676 INFO  HomePage :86 - Sending Min Salary : 30000 to [[ChromeDriver: chrome on WINDOWS (aa1dece111213fe7e38e33d900df973b)] -> xpath: //input[@id='salarymin']]
2023-05-17 19:05:885 INFO  HomePage :91 - Sending Max Salary : 500000 to [[ChromeDriver: chrome on WINDOWS (aa1dece111213fe7e38e33d900df973b)] -> xpath: //input[@id='salarymax']]
2023-05-17 19:05:45 INFO  HomePage :96 - Selecting Salary Types : annum from [[ChromeDriver: chrome on WINDOWS (aa1dece111213fe7e38e33d900df973b)] -> xpath: //select[@id='salarytype']]
2023-05-17 19:05:249 INFO  HomePage :101 - Selecting Job Types : Permanent to [[ChromeDriver: chrome on WINDOWS (aa1dece111213fe7e38e33d900df973b)] -> xpath: //select[@id='tempperm']]
2023-05-17 19:05:514 INFO  HomePage :106 - Click on Find Jobs : [[ChromeDriver: chrome on WINDOWS (aa1dece111213fe7e38e33d900df973b)] -> xpath: //input[@id='hp-search-btn']]
2023-05-17 19:05:359 INFO  ResultPage :23 - Verifying Results : Permanent Tester jobs in Harrow on the Hill from [[ChromeDriver: chrome on WINDOWS (aa1dece111213fe7e38e33d900df973b)] -> xpath: //h1[@class='search-header__title']]
2023-05-17 19:05:370 INFO  HomePage :61 - Clicking on Accept Cookies : [[ChromeDriver: chrome on WINDOWS (fda3909c1fefb5d9a64f60691682e54e)] -> xpath: //*[contains(text(),'Accept')]]
2023-05-17 19:05:254 INFO  HomePage :66 - Sending keywords : Presser to [[ChromeDriver: chrome on WINDOWS (fda3909c1fefb5d9a64f60691682e54e)] -> xpath: //input[@id='keywords']]
2023-05-17 19:05:469 INFO  HomePage :71 - Sending Location : London to [[ChromeDriver: chrome on WINDOWS (fda3909c1fefb5d9a64f60691682e54e)] -> xpath: //input[@id='location']]
2023-05-17 19:05:745 INFO  HomePage :76 - Selecting distance : 25 from [[ChromeDriver: chrome on WINDOWS (fda3909c1fefb5d9a64f60691682e54e)] -> xpath: //select[@id='distance']]
2023-05-17 19:05:12 INFO  HomePage :81 - Clicking on More options : [[ChromeDriver: chrome on WINDOWS (fda3909c1fefb5d9a64f60691682e54e)] -> xpath: //button[@id='toggle-hp-search']]
2023-05-17 19:05:357 INFO  HomePage :86 - Sending Min Salary : 15000 to [[ChromeDriver: chrome on WINDOWS (fda3909c1fefb5d9a64f60691682e54e)] -> xpath: //input[@id='salarymin']]
2023-05-17 19:05:548 INFO  HomePage :91 - Sending Max Salary : 30000 to [[ChromeDriver: chrome on WINDOWS (fda3909c1fefb5d9a64f60691682e54e)] -> xpath: //input[@id='salarymax']]
2023-05-17 19:05:668 INFO  HomePage :96 - Selecting Salary Types : annum from [[ChromeDriver: chrome on WINDOWS (fda3909c1fefb5d9a64f60691682e54e)] -> xpath: //select[@id='salarytype']]
2023-05-17 19:05:861 INFO  HomePage :101 - Selecting Job Types : Permanent to [[ChromeDriver: chrome on WINDOWS (fda3909c1fefb5d9a64f60691682e54e)] -> xpath: //select[@id='tempperm']]
2023-05-17 19:05:129 INFO  HomePage :106 - Click on Find Jobs : [[ChromeDriver: chrome on WINDOWS (fda3909c1fefb5d9a64f60691682e54e)] -> xpath: //input[@id='hp-search-btn']]
2023-05-17 19:05:393 INFO  ResultPage :23 - Verifying Results : Permanent Presser jobs in London from [[ChromeDriver: chrome on WINDOWS (fda3909c1fefb5d9a64f60691682e54e)] -> xpath: //h1[@class='search-header__title']]
2023-05-17 19:05:900 INFO  HomePage :61 - Clicking on Accept Cookies : [[ChromeDriver: chrome on WINDOWS (cf32db892a825a7186796ffcd9ce4c31)] -> xpath: //*[contains(text(),'Accept')]]
2023-05-17 19:05:671 INFO  HomePage :66 - Sending keywords : Store Manager to [[ChromeDriver: chrome on WINDOWS (cf32db892a825a7186796ffcd9ce4c31)] -> xpath: //input[@id='keywords']]
2023-05-17 19:05:56 INFO  HomePage :71 - Sending Location : Northamptonshire to [[ChromeDriver: chrome on WINDOWS (cf32db892a825a7186796ffcd9ce4c31)] -> xpath: //input[@id='location']]
2023-05-17 19:05:290 INFO  HomePage :76 - Selecting distance : 15 from [[ChromeDriver: chrome on WINDOWS (cf32db892a825a7186796ffcd9ce4c31)] -> xpath: //select[@id='distance']]
2023-05-17 19:05:522 INFO  HomePage :81 - Clicking on More options : [[ChromeDriver: chrome on WINDOWS (cf32db892a825a7186796ffcd9ce4c31)] -> xpath: //button[@id='toggle-hp-search']]
2023-05-17 19:05:844 INFO  HomePage :86 - Sending Min Salary : 300 to [[ChromeDriver: chrome on WINDOWS (cf32db892a825a7186796ffcd9ce4c31)] -> xpath: //input[@id='salarymin']]
2023-05-17 19:05:15 INFO  HomePage :91 - Sending Max Salary : 60 to [[ChromeDriver: chrome on WINDOWS (cf32db892a825a7186796ffcd9ce4c31)] -> xpath: //input[@id='salarymax']]
2023-05-17 19:05:233 INFO  HomePage :96 - Selecting Salary Types : week from [[ChromeDriver: chrome on WINDOWS (cf32db892a825a7186796ffcd9ce4c31)] -> xpath: //select[@id='salarytype']]
2023-05-17 19:05:405 INFO  HomePage :101 - Selecting Job Types : Permanent to [[ChromeDriver: chrome on WINDOWS (cf32db892a825a7186796ffcd9ce4c31)] -> xpath: //select[@id='tempperm']]
2023-05-17 19:05:661 INFO  HomePage :106 - Click on Find Jobs : [[ChromeDriver: chrome on WINDOWS (cf32db892a825a7186796ffcd9ce4c31)] -> xpath: //input[@id='hp-search-btn']]
2023-05-17 19:05:955 INFO  ResultPage :23 - Verifying Results : Permanent Store Manager jobs in Northamptonshire from [[ChromeDriver: chrome on WINDOWS (cf32db892a825a7186796ffcd9ce4c31)] -> xpath: //h1[@class='search-header__title']]
2023-05-17 19:05:233 INFO  HomePage :61 - Clicking on Accept Cookies : [[ChromeDriver: chrome on WINDOWS (6d4eb27f2f6fa63e77465b522bd264d4)] -> xpath: //*[contains(text(),'Accept')]]
2023-05-17 19:05:990 INFO  HomePage :66 - Sending keywords : It Administrator to [[ChromeDriver: chrome on WINDOWS (6d4eb27f2f6fa63e77465b522bd264d4)] -> xpath: //input[@id='keywords']]
2023-05-17 19:05:361 INFO  HomePage :71 - Sending Location : Warwick, Warwickshire to [[ChromeDriver: chrome on WINDOWS (6d4eb27f2f6fa63e77465b522bd264d4)] -> xpath: //input[@id='location']]
2023-05-17 19:05:519 INFO  HomePage :76 - Selecting distance : 15 from [[ChromeDriver: chrome on WINDOWS (6d4eb27f2f6fa63e77465b522bd264d4)] -> xpath: //select[@id='distance']]
2023-05-17 19:05:870 INFO  HomePage :81 - Clicking on More options : [[ChromeDriver: chrome on WINDOWS (6d4eb27f2f6fa63e77465b522bd264d4)] -> xpath: //button[@id='toggle-hp-search']]
2023-05-17 19:05:101 INFO  HomePage :86 - Sending Min Salary : 40000 to [[ChromeDriver: chrome on WINDOWS (6d4eb27f2f6fa63e77465b522bd264d4)] -> xpath: //input[@id='salarymin']]
2023-05-17 19:05:281 INFO  HomePage :91 - Sending Max Salary : 80000 to [[ChromeDriver: chrome on WINDOWS (6d4eb27f2f6fa63e77465b522bd264d4)] -> xpath: //input[@id='salarymax']]
2023-05-17 19:05:428 INFO  HomePage :96 - Selecting Salary Types : annum from [[ChromeDriver: chrome on WINDOWS (6d4eb27f2f6fa63e77465b522bd264d4)] -> xpath: //select[@id='salarytype']]
2023-05-17 19:05:667 INFO  HomePage :101 - Selecting Job Types : Permanent to [[ChromeDriver: chrome on WINDOWS (6d4eb27f2f6fa63e77465b522bd264d4)] -> xpath: //select[@id='tempperm']]
2023-05-17 19:05:937 INFO  HomePage :106 - Click on Find Jobs : [[ChromeDriver: chrome on WINDOWS (6d4eb27f2f6fa63e77465b522bd264d4)] -> xpath: //input[@id='hp-search-btn']]
2023-05-17 19:05:25 INFO  ResultPage :23 - Verifying Results : Permanent It Administrator jobs in Warwick from [[ChromeDriver: chrome on WINDOWS (6d4eb27f2f6fa63e77465b522bd264d4)] -> xpath: //h1[@class='search-header__title']]
2023-05-17 19:05:578 INFO  HomePage :61 - Clicking on Accept Cookies : [[ChromeDriver: chrome on WINDOWS (5e1f18dac90b916066e67e1658bacc39)] -> xpath: //*[contains(text(),'Accept')]]
2023-05-17 19:05:616 INFO  HomePage :66 - Sending keywords : Network Manager to [[ChromeDriver: chrome on WINDOWS (5e1f18dac90b916066e67e1658bacc39)] -> xpath: //input[@id='keywords']]
2023-05-17 19:05:961 INFO  HomePage :71 - Sending Location : Reading to [[ChromeDriver: chrome on WINDOWS (5e1f18dac90b916066e67e1658bacc39)] -> xpath: //input[@id='location']]
2023-05-17 19:05:337 INFO  HomePage :76 - Selecting distance : 7 from [[ChromeDriver: chrome on WINDOWS (5e1f18dac90b916066e67e1658bacc39)] -> xpath: //select[@id='distance']]
2023-05-17 19:05:631 INFO  HomePage :81 - Clicking on More options : [[ChromeDriver: chrome on WINDOWS (5e1f18dac90b916066e67e1658bacc39)] -> xpath: //button[@id='toggle-hp-search']]
2023-05-17 19:05:963 INFO  HomePage :86 - Sending Min Salary : 45000 to [[ChromeDriver: chrome on WINDOWS (5e1f18dac90b916066e67e1658bacc39)] -> xpath: //input[@id='salarymin']]
2023-05-17 19:05:130 INFO  HomePage :91 - Sending Max Salary : 65000 to [[ChromeDriver: chrome on WINDOWS (5e1f18dac90b916066e67e1658bacc39)] -> xpath: //input[@id='salarymax']]
2023-05-17 19:05:252 INFO  HomePage :96 - Selecting Salary Types : annum from [[ChromeDriver: chrome on WINDOWS (5e1f18dac90b916066e67e1658bacc39)] -> xpath: //select[@id='salarytype']]
2023-05-17 19:05:459 INFO  HomePage :101 - Selecting Job Types : Permanent to [[ChromeDriver: chrome on WINDOWS (5e1f18dac90b916066e67e1658bacc39)] -> xpath: //select[@id='tempperm']]
2023-05-17 19:05:742 INFO  HomePage :106 - Click on Find Jobs : [[ChromeDriver: chrome on WINDOWS (5e1f18dac90b916066e67e1658bacc39)] -> xpath: //input[@id='hp-search-btn']]
2023-05-17 19:05:402 INFO  ResultPage :23 - Verifying Results : Permanent Network Manager jobs in Reading from [[ChromeDriver: chrome on WINDOWS (5e1f18dac90b916066e67e1658bacc39)] -> xpath: //h1[@class='search-header__title']]
2023-05-17 20:05:420 INFO  HomePage :61 - Clicking on Accept Cookies : [[ChromeDriver: chrome on WINDOWS (86dadf392516fa65bccf46bfdb3c8520)] -> xpath: //*[contains(text(),'Accept')]]
2023-05-17 20:05:500 INFO  HomePage :66 - Sending keywords : Test Analyst to [[ChromeDriver: chrome on WINDOWS (86dadf392516fa65bccf46bfdb3c8520)] -> xpath: //input[@id='keywords']]
2023-05-17 20:05:820 INFO  HomePage :71 - Sending Location : Peterborough to [[ChromeDriver: chrome on WINDOWS (86dadf392516fa65bccf46bfdb3c8520)] -> xpath: //input[@id='location']]
2023-05-17 20:05:115 INFO  HomePage :76 - Selecting distance : 15 from [[ChromeDriver: chrome on WINDOWS (86dadf392516fa65bccf46bfdb3c8520)] -> xpath: //select[@id='distance']]
2023-05-17 20:05:380 INFO  HomePage :81 - Clicking on More options : [[ChromeDriver: chrome on WINDOWS (86dadf392516fa65bccf46bfdb3c8520)] -> xpath: //button[@id='toggle-hp-search']]
2023-05-17 20:05:752 INFO  HomePage :86 - Sending Min Salary : 45000 to [[ChromeDriver: chrome on WINDOWS (86dadf392516fa65bccf46bfdb3c8520)] -> xpath: //input[@id='salarymin']]
2023-05-17 20:05:919 INFO  HomePage :91 - Sending Max Salary : 55000 to [[ChromeDriver: chrome on WINDOWS (86dadf392516fa65bccf46bfdb3c8520)] -> xpath: //input[@id='salarymax']]
2023-05-17 20:05:46 INFO  HomePage :96 - Selecting Salary Types : annum from [[ChromeDriver: chrome on WINDOWS (86dadf392516fa65bccf46bfdb3c8520)] -> xpath: //select[@id='salarytype']]
2023-05-17 20:05:290 INFO  HomePage :101 - Selecting Job Types : Part Time to [[ChromeDriver: chrome on WINDOWS (86dadf392516fa65bccf46bfdb3c8520)] -> xpath: //select[@id='tempperm']]
2023-05-17 20:05:607 INFO  HomePage :106 - Click on Find Jobs : [[ChromeDriver: chrome on WINDOWS (86dadf392516fa65bccf46bfdb3c8520)] -> xpath: //input[@id='hp-search-btn']]
2023-05-17 20:05:480 INFO  ResultPage :23 - Verifying Results : Permanent Test Analyst jobs in Peterborough from [[ChromeDriver: chrome on WINDOWS (86dadf392516fa65bccf46bfdb3c8520)] -> xpath: //h1[@class='search-header__title']]
2023-05-17 20:05:229 INFO  HomePage :61 - Clicking on Accept Cookies : [[ChromeDriver: chrome on WINDOWS (59bec116116298631d224c1f366bcef2)] -> xpath: //*[contains(text(),'Accept')]]
2023-05-17 20:05:996 INFO  HomePage :66 - Sending keywords : Test Manager to [[ChromeDriver: chrome on WINDOWS (59bec116116298631d224c1f366bcef2)] -> xpath: //input[@id='keywords']]
2023-05-17 20:05:272 INFO  HomePage :71 - Sending Location : Milton Keynes to [[ChromeDriver: chrome on WINDOWS (59bec116116298631d224c1f366bcef2)] -> xpath: //input[@id='location']]
2023-05-17 20:05:507 INFO  HomePage :76 - Selecting distance : 10 from [[ChromeDriver: chrome on WINDOWS (59bec116116298631d224c1f366bcef2)] -> xpath: //select[@id='distance']]
2023-05-17 20:05:722 INFO  HomePage :81 - Clicking on More options : [[ChromeDriver: chrome on WINDOWS (59bec116116298631d224c1f366bcef2)] -> xpath: //button[@id='toggle-hp-search']]
2023-05-17 20:05:44 INFO  HomePage :86 - Sending Min Salary : 350 to [[ChromeDriver: chrome on WINDOWS (59bec116116298631d224c1f366bcef2)] -> xpath: //input[@id='salarymin']]
2023-05-17 20:05:202 INFO  HomePage :91 - Sending Max Salary : 700 to [[ChromeDriver: chrome on WINDOWS (59bec116116298631d224c1f366bcef2)] -> xpath: //input[@id='salarymax']]
2023-05-17 20:05:405 INFO  HomePage :96 - Selecting Salary Types : day from [[ChromeDriver: chrome on WINDOWS (59bec116116298631d224c1f366bcef2)] -> xpath: //select[@id='salarytype']]
2023-05-17 20:05:575 INFO  HomePage :101 - Selecting Job Types : Permanent to [[ChromeDriver: chrome on WINDOWS (59bec116116298631d224c1f366bcef2)] -> xpath: //select[@id='tempperm']]
2023-05-17 20:05:844 INFO  HomePage :106 - Click on Find Jobs : [[ChromeDriver: chrome on WINDOWS (59bec116116298631d224c1f366bcef2)] -> xpath: //input[@id='hp-search-btn']]
2023-05-17 20:05:169 INFO  ResultPage :23 - Verifying Results : Contract Test Manager jobs in Milton Keynes from [[ChromeDriver: chrome on WINDOWS (59bec116116298631d224c1f366bcef2)] -> xpath: //h1[@class='search-header__title']]
